# JRE version: OpenJDK Runtime Environment Temurin-21.0.12.1+1 (21.0.12.1+1) (build 21.0.12.1+1-LTS)
# Java VM: OpenJDK 64-Bit Server VM Temurin-21.0.12.1+1 (21.0.12.1+1-LTS, mixed mode, sharing, tiered, compressed oops, compressed class ptrs, parallel gc, windows-amd64)
GC Precious Log:
 CardTable entry size: 512
 CPUs: 8 total, 8 available
 Memory: 15647M
 Large Page Support: Disabled
 NUMA Support: Disabled
 Compressed Oops: Enabled (32-bit)
 Alignments: Space 512K, Generation 512K, Heap 2M
 Heap Min Capacity: 100M
 Heap Initial Capacity: 100M
 Heap Max Capacity: 2G
 Pre-touch: Disabled
 Parallel Workers: 8
Heap:
 PSYoungGen      total 17920K, used 5685K [0x00000000d5580000, 0x00000000d6a00000, 0x0000000100000000)
  eden space 14848K, 17% used [0x00000000d5580000,0x00000000d5810ec8,0x00000000d6400000)
  from space 3072K, 99% used [0x00000000d6700000,0x00000000d69fc790,0x00000000d6a00000)
  to   space 1536K, 0% used [0x00000000d6580000,0x00000000d6580000,0x00000000d6700000)
 ParOldGen       total 68608K, used 67474K [0x0000000080000000, 0x0000000084300000, 0x00000000d5580000)
  object space 68608K, 98% used [0x0000000080000000,0x00000000841e4aa8,0x0000000084300000)
 Metaspace       used 68623K, committed 70144K, reserved 1114112K
  class space    used 7276K, committed 7936K, reserved 1048576K
GC Heap History (20 events):
Event: 36.853 GC heap before
{Heap before GC invocations=67 (full 3):
 PSYoungGen      total 18944K, used 18928K [0x00000000d5580000, 0x00000000d6b00000, 0x0000000100000000)
  eden space 17920K, 100% used [0x00000000d5580000,0x00000000d6700000,0x00000000d6700000)
  from space 1024K, 98% used [0x00000000d6780000,0x00000000d687c308,0x00000000d6880000)
  to   space 2048K, 0% used [0x00000000d6900000,0x00000000d6900000,0x00000000d6b00000)
 ParOldGen       total 68608K, used 54843K [0x0000000080000000, 0x0000000084300000, 0x00000000d5580000)
  object space 68608K, 79% used [0x0000000080000000,0x000000008358ef98,0x0000000084300000)
 Metaspace       used 63987K, committed 65408K, reserved 1114112K
  class space    used 6809K, committed 7360K, reserved 1048576K
}
Event: 36.855 GC heap after
{Heap after GC invocations=67 (full 3):
 PSYoungGen      total 18944K, used 1024K [0x00000000d5580000, 0x00000000d6a00000, 0x0000000100000000)
  eden space 17920K, 0% used [0x00000000d5580000,0x00000000d5580000,0x00000000d6700000)
  from space 1024K, 100% used [0x00000000d6900000,0x00000000d6a00000,0x00000000d6a00000)
  to   space 1536K, 0% used [0x00000000d6700000,0x00000000d6700000,0x00000000d6880000)
 ParOldGen       total 68608K, used 55821K [0x0000000080000000, 0x0000000084300000, 0x00000000d5580000)
  object space 68608K, 81% used [0x0000000080000000,0x00000000836837b8,0x0000000084300000)
 Metaspace       used 63987K, committed 65408K, reserved 1114112K
  class space    used 6809K, committed 7360K, reserved 1048576K
}
Event: 37.806 GC heap before
{Heap before GC invocations=68 (full 3):
 PSYoungGen      total 18944K, used 18939K [0x00000000d5580000, 0x00000000d6a00000, 0x0000000100000000)
  eden space 17920K, 99% used [0x00000000d5580000,0x00000000d66fecf0,0x00000000d6700000)
  from space 1024K, 100% used [0x00000000d6900000,0x00000000d6a00000,0x00000000d6a00000)
  to   space 1536K, 0% used [0x00000000d6700000,0x00000000d6700000,0x00000000d6880000)
 ParOldGen       total 68608K, used 55821K [0x0000000080000000, 0x0000000084300000, 0x00000000d5580000)
  object space 68608K, 81% used [0x0000000080000000,0x00000000836837b8,0x0000000084300000)
 Metaspace       used 64175K, committed 65536K, reserved 1114112K
  class space    used 6809K, committed 7360K, reserved 1048576K
}
Event: 37.809 GC heap after
{Heap after GC invocations=68 (full 3):
 PSYoungGen      total 19456K, used 1536K [0x00000000d5580000, 0x00000000d6d00000, 0x0000000100000000)
  eden space 17920K, 0% used [0x00000000d5580000,0x00000000d5580000,0x00000000d6700000)
  from space 1536K, 100% used [0x00000000d6700000,0x00000000d6880000,0x00000000d6880000)
  to   space 3072K, 0% used [0x00000000d6a00000,0x00000000d6a00000,0x00000000d6d00000)
 ParOldGen       total 68608K, used 56766K [0x0000000080000000, 0x0000000084300000, 0x00000000d5580000)
  object space 68608K, 82% used [0x0000000080000000,0x000000008376fa00,0x0000000084300000)
 Metaspace       used 64175K, committed 65536K, reserved 1114112K
  class space    used 6809K, committed 7360K, reserved 1048576K
}
Event: 38.495 GC heap before
{Heap before GC invocations=69 (full 3):
 PSYoungGen      total 19456K, used 19456K [0x00000000d5580000, 0x00000000d6d00000, 0x0000000100000000)
  eden space 17920K, 100% used [0x00000000d5580000,0x00000000d6700000,0x00000000d6700000)
  from space 1536K, 100% used [0x00000000d6700000,0x00000000d6880000,0x00000000d6880000)
  to   space 3072K, 0% used [0x00000000d6a00000,0x00000000d6a00000,0x00000000d6d00000)
 ParOldGen       total 68608K, used 56766K [0x0000000080000000, 0x0000000084300000, 0x00000000d5580000)
  object space 68608K, 82% used [0x0000000080000000,0x000000008376fa00,0x0000000084300000)
 Metaspace       used 64343K, committed 65792K, reserved 1114112K
  class space    used 6817K, committed 7360K, reserved 1048576K
}
Event: 38.499 GC heap after
{Heap after GC invocations=69 (full 3):
 PSYoungGen      total 19968K, used 2048K [0x00000000d5580000, 0x00000000d6c00000, 0x0000000100000000)
  eden space 17920K, 0% used [0x00000000d5580000,0x00000000d5580000,0x00000000d6700000)
  from space 2048K, 100% used [0x00000000d6a00000,0x00000000d6c00000,0x00000000d6c00000)
  to   space 2560K, 0% used [0x00000000d6700000,0x00000000d6700000,0x00000000d6980000)
 ParOldGen       total 68608K, used 58194K [0x0000000080000000, 0x0000000084300000, 0x00000000d5580000)
  object space 68608K, 84% used [0x0000000080000000,0x00000000838d4810,0x0000000084300000)
 Metaspace       used 64343K, committed 65792K, reserved 1114112K
  class space    used 6817K, committed 7360K, reserved 1048576K
}
Event: 39.446 GC heap before
{Heap before GC invocations=70 (full 3):
 PSYoungGen      total 19968K, used 19968K [0x00000000d5580000, 0x00000000d6c00000, 0x0000000100000000)
  eden space 17920K, 100% used [0x00000000d5580000,0x00000000d6700000,0x00000000d6700000)
  from space 2048K, 100% used [0x00000000d6a00000,0x00000000d6c00000,0x00000000d6c00000)
  to   space 2560K, 0% used [0x00000000d6700000,0x00000000d6700000,0x00000000d6980000)
 ParOldGen       total 68608K, used 58194K [0x0000000080000000, 0x0000000084300000, 0x00000000d5580000)
  object space 68608K, 84% used [0x0000000080000000,0x00000000838d4810,0x0000000084300000)
 Metaspace       used 64654K, committed 66112K, reserved 1114112K
  class space    used 6853K, committed 7424K, reserved 1048576K
}
Event: 39.450 GC heap after
{Heap after GC invocations=70 (full 3):
 PSYoungGen      total 19968K, used 1808K [0x00000000d5580000, 0x00000000d6b00000, 0x0000000100000000)
  eden space 17920K, 0% used [0x00000000d5580000,0x00000000d5580000,0x00000000d6700000)
  from space 2048K, 88% used [0x00000000d6700000,0x00000000d68c4010,0x00000000d6900000)
  to   space 2048K, 0% used [0x00000000d6900000,0x00000000d6900000,0x00000000d6b00000)
 ParOldGen       total 68608K, used 59457K [0x0000000080000000, 0x0000000084300000, 0x00000000d5580000)
  object space 68608K, 86% used [0x0000000080000000,0x0000000083a10600,0x0000000084300000)
 Metaspace       used 64654K, committed 66112K, reserved 1114112K
  class space    used 6853K, committed 7424K, reserved 1048576K
}
Event: 40.505 GC heap before
{Heap before GC invocations=71 (full 3):
 PSYoungGen      total 19968K, used 19728K [0x00000000d5580000, 0x00000000d6b00000, 0x0000000100000000)
  eden space 17920K, 100% used [0x00000000d5580000,0x00000000d6700000,0x00000000d6700000)
  from space 2048K, 88% used [0x00000000d6700000,0x00000000d68c4010,0x00000000d6900000)
  to   space 2048K, 0% used [0x00000000d6900000,0x00000000d6900000,0x00000000d6b00000)
 ParOldGen       total 68608K, used 59457K [0x0000000080000000, 0x0000000084300000, 0x00000000d5580000)
  object space 68608K, 86% used [0x0000000080000000,0x0000000083a10600,0x0000000084300000)
 Metaspace       used 64893K, committed 66304K, reserved 1114112K
  class space    used 6860K, committed 7424K, reserved 1048576K
}
Event: 40.507 GC heap after
{Heap after GC invocations=71 (full 3):
 PSYoungGen      total 18944K, used 992K [0x00000000d5580000, 0x00000000d6a00000, 0x0000000100000000)
  eden space 17920K, 0% used [0x00000000d5580000,0x00000000d5580000,0x00000000d6700000)
  from space 1024K, 96% used [0x00000000d6900000,0x00000000d69f8000,0x00000000d6a00000)
  to   space 1536K, 0% used [0x00000000d6700000,0x00000000d6700000,0x00000000d6880000)
 ParOldGen       total 68608K, used 59921K [0x0000000080000000, 0x0000000084300000, 0x00000000d5580000)
  object space 68608K, 87% used [0x0000000080000000,0x0000000083a84600,0x0000000084300000)
 Metaspace       used 64893K, committed 66304K, reserved 1114112K
  class space    used 6860K, committed 7424K, reserved 1048576K
}
Event: 41.120 GC heap before
{Heap before GC invocations=72 (full 3):
 PSYoungGen      total 18944K, used 18912K [0x00000000d5580000, 0x00000000d6a00000, 0x0000000100000000)
  eden space 17920K, 100% used [0x00000000d5580000,0x00000000d6700000,0x00000000d6700000)
  from space 1024K, 96% used [0x00000000d6900000,0x00000000d69f8000,0x00000000d6a00000)
  to   space 1536K, 0% used [0x00000000d6700000,0x00000000d6700000,0x00000000d6880000)
 ParOldGen       total 68608K, used 59921K [0x0000000080000000, 0x0000000084300000, 0x00000000d5580000)
  object space 68608K, 87% used [0x0000000080000000,0x0000000083a84600,0x0000000084300000)
 Metaspace       used 65354K, committed 66816K, reserved 1114112K
  class space    used 6900K, committed 7488K, reserved 1048576K
}
Event: 41.122 GC heap after
{Heap after GC invocations=72 (full 3):
 PSYoungGen      total 19456K, used 512K [0x00000000d5580000, 0x00000000d6980000, 0x0000000100000000)
  eden space 17920K, 0% used [0x00000000d5580000,0x00000000d5580000,0x00000000d6700000)
  from space 1536K, 33% used [0x00000000d6700000,0x00000000d6780040,0x00000000d6880000)
  to   space 1024K, 0% used [0x00000000d6880000,0x00000000d6880000,0x00000000d6980000)
 ParOldGen       total 68608K, used 60769K [0x0000000080000000, 0x0000000084300000, 0x00000000d5580000)
  object space 68608K, 88% used [0x0000000080000000,0x0000000083b58600,0x0000000084300000)
 Metaspace       used 65354K, committed 66816K, reserved 1114112K
  class space    used 6900K, committed 7488K, reserved 1048576K
}
Event: 65.267 GC heap before
{Heap before GC invocations=73 (full 3):
 PSYoungGen      total 19456K, used 18432K [0x00000000d5580000, 0x00000000d6980000, 0x0000000100000000)
  eden space 17920K, 100% used [0x00000000d5580000,0x00000000d6700000,0x00000000d6700000)
  from space 1536K, 33% used [0x00000000d6700000,0x00000000d6780040,0x00000000d6880000)
  to   space 1024K, 0% used [0x00000000d6880000,0x00000000d6880000,0x00000000d6980000)
 ParOldGen       total 68608K, used 60769K [0x0000000080000000, 0x0000000084300000, 0x00000000d5580000)
  object space 68608K, 88% used [0x0000000080000000,0x0000000083b58600,0x0000000084300000)
 Metaspace       used 66367K, committed 67840K, reserved 1114112K
  class space    used 7020K, committed 7616K, reserved 1048576K
}
Event: 65.272 GC heap after
{Heap after GC invocations=73 (full 3):
 PSYoungGen      total 15872K, used 1017K [0x00000000d5580000, 0x00000000d7000000, 0x0000000100000000)
  eden space 14848K, 0% used [0x00000000d5580000,0x00000000d5580000,0x00000000d6400000)
  from space 1024K, 99% used [0x00000000d6880000,0x00000000d697e660,0x00000000d6980000)
  to   space 4608K, 0% used [0x00000000d6400000,0x00000000d6400000,0x00000000d6880000)
 ParOldGen       total 68608K, used 63576K [0x0000000080000000, 0x0000000084300000, 0x00000000d5580000)
  object space 68608K, 92% used [0x0000000080000000,0x0000000083e16140,0x0000000084300000)
 Metaspace       used 66367K, committed 67840K, reserved 1114112K
  class space    used 7020K, committed 7616K, reserved 1048576K
}
Event: 65.876 GC heap before
{Heap before GC invocations=74 (full 3):
 PSYoungGen      total 15872K, used 15865K [0x00000000d5580000, 0x00000000d7000000, 0x0000000100000000)
  eden space 14848K, 100% used [0x00000000d5580000,0x00000000d6400000,0x00000000d6400000)
  from space 1024K, 99% used [0x00000000d6880000,0x00000000d697e660,0x00000000d6980000)
  to   space 4608K, 0% used [0x00000000d6400000,0x00000000d6400000,0x00000000d6880000)
 ParOldGen       total 68608K, used 63576K [0x0000000080000000, 0x0000000084300000, 0x00000000d5580000)
  object space 68608K, 92% used [0x0000000080000000,0x0000000083e16140,0x0000000084300000)
 Metaspace       used 66998K, committed 68480K, reserved 1114112K
  class space    used 7104K, committed 7744K, reserved 1048576K
}
Event: 65.879 GC heap after
{Heap after GC invocations=74 (full 3):
 PSYoungGen      total 15872K, used 864K [0x00000000d5580000, 0x00000000d6900000, 0x0000000100000000)
  eden space 14848K, 0% used [0x00000000d5580000,0x00000000d5580000,0x00000000d6400000)
  from space 1024K, 84% used [0x00000000d6400000,0x00000000d64d8000,0x00000000d6500000)
  to   space 2048K, 0% used [0x00000000d6700000,0x00000000d6700000,0x00000000d6900000)
 ParOldGen       total 68608K, used 63800K [0x0000000080000000, 0x0000000084300000, 0x00000000d5580000)
  object space 68608K, 92% used [0x0000000080000000,0x0000000083e4e150,0x0000000084300000)
 Metaspace       used 66998K, committed 68480K, reserved 1114112K
  class space    used 7104K, committed 7744K, reserved 1048576K
}
Event: 66.324 GC heap before
{Heap before GC invocations=75 (full 3):
 PSYoungGen      total 15872K, used 15712K [0x00000000d5580000, 0x00000000d6900000, 0x0000000100000000)
  eden space 14848K, 100% used [0x00000000d5580000,0x00000000d6400000,0x00000000d6400000)
  from space 1024K, 84% used [0x00000000d6400000,0x00000000d64d8000,0x00000000d6500000)
  to   space 2048K, 0% used [0x00000000d6700000,0x00000000d6700000,0x00000000d6900000)
 ParOldGen       total 68608K, used 63800K [0x0000000080000000, 0x0000000084300000, 0x00000000d5580000)
  object space 68608K, 92% used [0x0000000080000000,0x0000000083e4e150,0x0000000084300000)
 Metaspace       used 67448K, committed 68928K, reserved 1114112K
  class space    used 7161K, committed 7808K, reserved 1048576K
}
Event: 66.327 GC heap after
{Heap after GC invocations=75 (full 3):
 PSYoungGen      total 16384K, used 1056K [0x00000000d5580000, 0x00000000d6880000, 0x0000000100000000)
  eden space 14848K, 0% used [0x00000000d5580000,0x00000000d5580000,0x00000000d6400000)
  from space 1536K, 68% used [0x00000000d6700000,0x00000000d6808000,0x00000000d6880000)
  to   space 1536K, 0% used [0x00000000d6580000,0x00000000d6580000,0x00000000d6700000)
 ParOldGen       total 68608K, used 64492K [0x0000000080000000, 0x0000000084300000, 0x00000000d5580000)
  object space 68608K, 94% used [0x0000000080000000,0x0000000083efb160,0x0000000084300000)
 Metaspace       used 67448K, committed 68928K, reserved 1114112K
  class space    used 7161K, committed 7808K, reserved 1048576K
}
Event: 189.020 GC heap before
{Heap before GC invocations=76 (full 3):
 PSYoungGen      total 16384K, used 15904K [0x00000000d5580000, 0x00000000d6880000, 0x0000000100000000)
  eden space 14848K, 100% used [0x00000000d5580000,0x00000000d6400000,0x00000000d6400000)
  from space 1536K, 68% used [0x00000000d6700000,0x00000000d6808000,0x00000000d6880000)
  to   space 1536K, 0% used [0x00000000d6580000,0x00000000d6580000,0x00000000d6700000)
 ParOldGen       total 68608K, used 64492K [0x0000000080000000, 0x0000000084300000, 0x00000000d5580000)
  object space 68608K, 94% used [0x0000000080000000,0x0000000083efb160,0x0000000084300000)
 Metaspace       used 68209K, committed 69760K, reserved 1114112K
  class space    used 7233K, committed 7872K, reserved 1048576K
}
Event: 189.024 GC heap after
{Heap after GC invocations=76 (full 3):
 PSYoungGen      total 16384K, used 1517K [0x00000000d5580000, 0x00000000d6a00000, 0x0000000100000000)
  eden space 14848K, 0% used [0x00000000d5580000,0x00000000d5580000,0x00000000d6400000)
  from space 1536K, 98% used [0x00000000d6580000,0x00000000d66fb550,0x00000000d6700000)
  to   space 3072K, 0% used [0x00000000d6700000,0x00000000d6700000,0x00000000d6a00000)
 ParOldGen       total 68608K, used 65377K [0x0000000080000000, 0x0000000084300000, 0x00000000d5580000)
  object space 68608K, 95% used [0x0000000080000000,0x0000000083fd85e0,0x0000000084300000)
 Metaspace       used 68209K, committed 69760K, reserved 1114112K
  class space    used 7233K, committed 7872K, reserved 1048576K
}

